RBot Pro Multi-Exchange Analysis UI Server
📱 Open: http://localhost:5000
✓ Using queue-based streaming for stability
💡 Trade Tracking Loop Started
 * Serving Flask app 'web_ui_server' (lazy loading)
😴 Tracking loop idle (no active trades)
 * Environment: production
   WARNING: This is a development server. Do not use it in a production deployment.
   Use a production WSGI server instead.
 * Debug mode: off
Client connected: qIc2JCPgk3evTcO5AAAB
😴 Tracking loop idle (no active trades)
😴 Tracking loop idle (no active trades)
😴 Tracking loop idle (no active trades)
😴 Tracking loop idle (no active trades)
😴 Tracking loop idle (no active trades)
Client connected: ExkKGg-JjdepgbIIAAAD
😴 Tracking loop idle (no active trades)
😴 Tracking loop idle (no active trades)
😴 Tracking loop idle (no active trades)
🚀 Starting analysis for session ExkKGg-JjdepgbIIAAAD
📡 Registered SOLUSDT (MARKET) as RUNNING (Entry: 84.74)
📡 Registered SOLUSDT (MARKET) as RUNNING (Entry: 84.74)
📡 Registered BTCUSDT (MARKET) as RUNNING (Entry: 68794.5)
📡 Registered XRPUSDT (MARKET) as RUNNING (Entry: 1.4088)
📡 Registered BNBUSDT (MARKET) as RUNNING (Entry: 617.3)
💓 Tracking heartbeat: 5 active trades
📡 Registered BTCUSDT (MARKET) as RUNNING (Entry: 68829.2)
📡 Registered BTCUSDT (MARKET) as RUNNING (Entry: 68829.2)
📡 Registered BNBUSDT (MARKET) as RUNNING (Entry: 617.27)
📡 Registered ETHUSDT (MARKET) as RUNNING (Entry: 2053.72)
📡 Registered SOLUSDT (MARKET) as RUNNING (Entry: 84.82)
📡 Registered XRPUSDT (MARKET) as RUNNING (Entry: 1.4097)
📡 Registered XRPUSDT (MARKET) as RUNNING (Entry: 1.4097)
💓 Tracking heartbeat: 12 active trades
💓 Tracking heartbeat: 12 active trades
💓 Tracking heartbeat: 12 active trades
💓 Tracking heartbeat: 12 active trades
💓 Tracking heartbeat: 12 active trades
💓 Tracking heartbeat: 12 active trades
💓 Tracking heartbeat: 12 active trades
💓 Tracking heartbeat: 12 active trades
💓 Tracking heartbeat: 12 active trades
💓 Tracking heartbeat: 12 active trades
💓 Tracking heartbeat: 12 active trades
💓 Tracking heartbeat: 12 active trades
Client disconnected: qIc2JCPgk3evTcO5AAAB
Client connected: 6QicQpS_EBWmsdq4AAAF
💓 Tracking heartbeat: 12 active trades
🚀 Starting analysis for session 6QicQpS_EBWmsdq4AAAF
📡 Registered APTUSDT (MARKET) as RUNNING (Entry: 0.9517)
📡 Registered ADAUSDT (STOP-MARKET) as WAITING (Entry: 0.2759)
📡 Registered ADAUSDT (LIMIT) as WAITING (Entry: 0.2759)
📡 Registered ADAUSDT (MARKET) as RUNNING (Entry: 0.2759)
📡 Registered ADAUSDT (MARKET) as RUNNING (Entry: 0.2759)
📡 Registered ARCSOLUSDT (LIMIT) as WAITING (Entry: 0.08135)
📡 Registered ARCSOLUSDT (MARKET) as RUNNING (Entry: 0.08153)
📡 Registered ARCSOLUSDT (STOP-MARKET) as WAITING (Entry: 0.08153)
📡 Registered ARCSOLUSDT (MARKET) as RUNNING (Entry: 0.08153)
📡 Registered AAVEUSDT (MARKET) as RUNNING (Entry: 121.34)
📡 Registered AAVEUSDT (LIMIT) as WAITING (Entry: 120.95)
📡 Registered AAVEUSDT (MARKET) as RUNNING (Entry: 121.34)
📡 Registered AAVEUSDT (MARKET) as RUNNING (Entry: 121.23)
📡 Registered AAVEUSDT (STOP-MARKET) as WAITING (Entry: 121.34)
📡 Registered AAVEUSDT (MARKET) as RUNNING (Entry: 121.34)
📡 Registered AAVEUSDT (MARKET) as RUNNING (Entry: 121.23)
📡 Registered AAVEUSDT (MARKET) as RUNNING (Entry: 121.34)
📡 Registered AAVEUSDT (LIMIT) as WAITING (Entry: 121.34)
📡 Registered AAVEUSDT (MARKET) as RUNNING (Entry: 121.34)
📡 Registered ASTERUSDT (MARKET) as RUNNING (Entry: 0.714)
📡 Registered ASTERUSDT (MARKET) as RUNNING (Entry: 0.714)
📡 Registered AIAUSDT (MARKET) as RUNNING (Entry: 0.1296)
📡 Registered AIAUSDT (STOP-MARKET) as WAITING (Entry: 0.1296)
📡 Registered AIAUSDT (MARKET) as RUNNING (Entry: 0.1292)
📡 Registered AIAUSDT (MARKET) as RUNNING (Entry: 0.1292)
📡 Registered ARBUSDT (MARKET) as RUNNING (Entry: 0.1158)
📡 Registered ARBUSDT (MARKET) as RUNNING (Entry: 0.1157)
📡 Registered AKEUSDT (MARKET) as RUNNING (Entry: 0.0002677)
📡 Registered AKEUSDT (STOP-MARKET) as WAITING (Entry: 0.0002677)
📡 Registered ATOMUSDT (MARKET) as RUNNING (Entry: 2.127)
💓 Tracking heartbeat: 42 active trades
📡 Registered BANKUSDT (MARKET) as RUNNING (Entry: 0.04199)
📡 Registered BANKUSDT (STOP-MARKET) as WAITING (Entry: 0.04199)
📡 Registered BANKUSDT (MARKET) as RUNNING (Entry: 0.04199)
📡 Registered BASUSDT (MARKET) as RUNNING (Entry: 0.005909)
📡 Registered BASUSDT (MARKET) as RUNNING (Entry: 0.005909)
📡 Registered BASUSDT (STOP-MARKET) as WAITING (Entry: 0.005909)
📡 Registered BASUSDT (MARKET) as RUNNING (Entry: 0.005909)
📡 Registered AZTECUSDT (MARKET) as RUNNING (Entry: 0.02339)
📡 Registered AZTECUSDT (STOP-MARKET) as WAITING (Entry: 0.02339)
📡 Registered AZTECUSDT (MARKET) as RUNNING (Entry: 0.02339)
📡 Registered AZTECUSDT (STOP-MARKET) as WAITING (Entry: 0.02339)
📡 Registered AZTECUSDT (MARKET) as RUNNING (Entry: 0.02339)
📡 Registered AZTECUSDT (MARKET) as RUNNING (Entry: 0.02339)
📡 Registered AZTECUSDT (MARKET) as RUNNING (Entry: 0.02339)
📡 Registered AZTECUSDT (MARKET) as RUNNING (Entry: 0.02339)
📡 Registered BNBUSDT (STOP-MARKET) as WAITING (Entry: 617.7)
📡 Registered BNKRUSDT (MARKET) as RUNNING (Entry: 0.0008008)
📡 Registered BNKRUSDT (STOP-MARKET) as WAITING (Entry: 0.0008008)
📡 Registered BNKRUSDT (MARKET) as RUNNING (Entry: 0.0008008)
📡 Registered BNKRUSDT (MARKET) as RUNNING (Entry: 0.0008008)
📡 Registered BCHUSDT (MARKET) as RUNNING (Entry: 561.23)
📡 Registered BCHUSDT (STOP-MARKET) as WAITING (Entry: 561.23)
📡 Registered BCHUSDT (MARKET) as RUNNING (Entry: 561.23)
📡 Registered BERAUSDT (MARKET) as RUNNING (Entry: 0.6757)
📡 Registered BERAUSDT (MARKET) as RUNNING (Entry: 0.6757)
📡 Registered BERAUSDT (MARKET) as RUNNING (Entry: 0.6757)
📡 Registered BERAUSDT (MARKET) as RUNNING (Entry: 0.6757)
📡 Registered BERAUSDT (MARKET) as RUNNING (Entry: 0.6757)
📡 Registered BSVUSDT (MARKET) as RUNNING (Entry: 16.5)
📡 Registered BTRUSDT (MARKET) as RUNNING (Entry: 0.15636)
📡 Registered BTRUSDT (MARKET) as RUNNING (Entry: 0.15636)
🚀 [ENTRY TRIGGERED] ADAUSDT SHORT at 0.2759 (STOP-MARKET Entry: 0.2759)
🚀 [ENTRY TRIGGERED] ADAUSDT SHORT at 0.2759 (LIMIT Entry: 0.2759)
🚀 [ENTRY TRIGGERED] ARCSOLUSDT SHORT at 0.08153 (STOP-MARKET Entry: 0.08153)
🚀 [ENTRY TRIGGERED] AAVEUSDT LONG at 121.34 (STOP-MARKET Entry: 121.34)
🚀 [ENTRY TRIGGERED] AAVEUSDT SHORT at 121.34 (LIMIT Entry: 121.34)
🚀 [ENTRY TRIGGERED] AIAUSDT SHORT at 0.1292 (STOP-MARKET Entry: 0.1296)
🚀 [ENTRY TRIGGERED] AKEUSDT SHORT at 0.0002677 (STOP-MARKET Entry: 0.0002677)
🚀 [ENTRY TRIGGERED] BNBUSDT SHORT at 617.7 (STOP-MARKET Entry: 617.7)
📡 Registered CLAWNCHUSDT (MARKET) as RUNNING (Entry: 0.0001087)
📡 Registered CLAWNCHUSDT (MARKET) as RUNNING (Entry: 0.0001089)
📡 Registered CLAWNCHUSDT (MARKET) as RUNNING (Entry: 0.0001087)
📡 Registered CLAWNCHUSDT (MARKET) as RUNNING (Entry: 0.0001087)
📡 Registered CLAWNCHUSDT (MARKET) as RUNNING (Entry: 0.0001087)
📡 Registered CLOUSDT (MARKET) as RUNNING (Entry: 0.0837)
📡 Registered CLOUSDT (STOP-MARKET) as WAITING (Entry: 0.0837)
📡 Registered CLOUSDT (MARKET) as RUNNING (Entry: 0.0836)
📡 Registered COAIUSDT (MARKET) as RUNNING (Entry: 0.4228)
📡 Registered COAIUSDT (MARKET) as RUNNING (Entry: 0.4229)
📡 Registered DASHUSDT (MARKET) as RUNNING (Entry: 38.83)
📡 Registered DASHUSDT (MARKET) as RUNNING (Entry: 38.83)
📡 Registered COMPUSDT (MARKET) as RUNNING (Entry: 19.82)
📡 Registered COMPUSDT (MARKET) as RUNNING (Entry: 19.82)
📡 Registered CTCUSDT (MARKET) as RUNNING (Entry: 0.1967)
📡 Registered CTCUSDT (MARKET) as RUNNING (Entry: 0.1967)
📡 Registered CTCUSDT (STOP-MARKET) as WAITING (Entry: 0.1967)
📡 Registered CTCUSDT (MARKET) as RUNNING (Entry: 0.1967)
📡 Registered DOTUSDT (STOP-MARKET) as WAITING (Entry: 1.345)
📡 Registered DOTUSDT (LIMIT) as WAITING (Entry: 1.345)
📡 Registered DOTUSDT (MARKET) as RUNNING (Entry: 1.345)
📡 Registered DUSKUSDT (MARKET) as RUNNING (Entry: 0.10877)
📡 Registered DUSKUSDT (MARKET) as RUNNING (Entry: 0.10877)
📡 Registered DUSKUSDT (MARKET) as RUNNING (Entry: 0.10877)
📡 Registered DUSKUSDT (MARKET) as RUNNING (Entry: 0.10877)
📡 Registered ECHELONUSDT (MARKET) as RUNNING (Entry: 0.1863)
📡 Registered ECHELONUSDT (MARKET) as RUNNING (Entry: 0.1868)
📡 Registered ENAUSDT (MARKET) as RUNNING (Entry: 0.1218)
📡 Registered ENAUSDT (MARKET) as RUNNING (Entry: 0.1218)
📡 Registered ENAUSDT (LIMIT) as WAITING (Entry: 0.1222)
🚀 [ENTRY TRIGGERED] BANKUSDT LONG at 0.04199 (STOP-MARKET Entry: 0.04199)
🚀 [ENTRY TRIGGERED] AZTECUSDT SHORT at 0.02335 (STOP-MARKET Entry: 0.02339)
🚀 [ENTRY TRIGGERED] BNKRUSDT SHORT at 0.0008008 (STOP-MARKET Entry: 0.0008008)
🚀 [ENTRY TRIGGERED] BCHUSDT LONG at 561.23 (STOP-MARKET Entry: 561.23)
📡 Registered ENAUSDT (STOP-MARKET) as WAITING (Entry: 0.1218)
📡 Registered ENAUSDT (MARKET) as RUNNING (Entry: 0.1218)
📡 Registered ENAUSDT (LIMIT) as WAITING (Entry: 0.1218)
💓 Tracking heartbeat: 106 active trades
📡 Registered EPHUSDT (STOP-MARKET) as WAITING (Entry: 0.0705)
📡 Registered EPHUSDT (MARKET) as RUNNING (Entry: 0.0705)
📡 Registered EPHUSDT (MARKET) as RUNNING (Entry: 0.0705)
📡 Registered EPHUSDT (MARKET) as RUNNING (Entry: 0.0705)
📡 Registered EPHUSDT (MARKET) as RUNNING (Entry: 0.0705)
📡 Registered EULUSDT (MARKET) as RUNNING (Entry: 0.957)
📡 Registered EULUSDT (MARKET) as RUNNING (Entry: 0.957)
📡 Registered EULUSDT (MARKET) as RUNNING (Entry: 0.956)
📡 Registered EULUSDT (MARKET) as RUNNING (Entry: 0.956)
📡 Registered EULUSDT (MARKET) as RUNNING (Entry: 0.957)
📡 Registered ESPUSDT (MARKET) as RUNNING (Entry: 0.06169)
📡 Registered FETUSDT (MARKET) as RUNNING (Entry: 0.1679)
📡 Registered FETUSDT (STOP-MARKET) as WAITING (Entry: 0.1679)
📡 Registered FETUSDT (MARKET) as RUNNING (Entry: 0.1679)
📡 Registered FETUSDT (MARKET) as RUNNING (Entry: 0.1679)
📡 Registered FARTCOINUSDT (MARKET) as RUNNING (Entry: 0.1902)
📡 Registered FARTCOINUSDT (MARKET) as RUNNING (Entry: 0.1902)
📡 Registered FHEUSDT (MARKET) as RUNNING (Entry: 0.0398)
📡 Registered FHEUSDT (LIMIT) as WAITING (Entry: 0.03925)
📡 Registered FHEUSDT (MARKET) as RUNNING (Entry: 0.0398)
📡 Registered FHEUSDT (LIMIT) as WAITING (Entry: 0.0398)
📡 Registered FHEUSDT (MARKET) as RUNNING (Entry: 0.0398)
📡 Registered FHEUSDT (MARKET) as RUNNING (Entry: 0.0398)
📡 Registered FHEUSDT (MARKET) as RUNNING (Entry: 0.0398)
📡 Registered HBARUSDT (STOP-MARKET) as WAITING (Entry: 0.10129)
📡 Registered HYPEUSDT (MARKET) as RUNNING (Entry: 31.464)
📡 Registered HYPEUSDT (MARKET) as RUNNING (Entry: 31.464)
📡 Registered HYPEUSDT (MARKET) as RUNNING (Entry: 31.47)
📡 Registered ICPUSDT (MARKET) as RUNNING (Entry: 2.397)
📡 Registered ICPUSDT (MARKET) as RUNNING (Entry: 2.397)
📡 Registered ICPUSDT (STOP-MARKET) as WAITING (Entry: 2.397)
📡 Registered ICPUSDT (MARKET) as RUNNING (Entry: 2.397)
📡 Registered ICPUSDT (MARKET) as RUNNING (Entry: 2.397)
🚀 [ENTRY TRIGGERED] CLOUSDT SHORT at 0.0836 (STOP-MARKET Entry: 0.0837)
🚀 [ENTRY TRIGGERED] CTCUSDT SHORT at 0.1967 (STOP-MARKET Entry: 0.1967)
🚀 [ENTRY TRIGGERED] DOTUSDT SHORT at 1.345 (STOP-MARKET Entry: 1.345)
🚀 [ENTRY TRIGGERED] DOTUSDT SHORT at 1.345 (LIMIT Entry: 1.345)
🚀 [ENTRY TRIGGERED] ENAUSDT LONG at 0.1218 (STOP-MARKET Entry: 0.1218)
🚀 [ENTRY TRIGGERED] ENAUSDT SHORT at 0.1218 (LIMIT Entry: 0.1218)
📡 Registered LYNUSDT (MARKET) as RUNNING (Entry: 0.20815)
📡 Registered LYNUSDT (LIMIT) as WAITING (Entry: 0.20799)
📡 Registered LYNUSDT (MARKET) as RUNNING (Entry: 0.20815)
📡 Registered LYNUSDT (STOP-MARKET) as WAITING (Entry: 0.20815)
📡 Registered LYNUSDT (MARKET) as RUNNING (Entry: 0.20815)
📡 Registered LTCUSDT (MARKET) as RUNNING (Entry: 55.21)
📡 Registered LTCUSDT (MARKET) as RUNNING (Entry: 55.21)
📡 Registered LTCUSDT (MARKET) as RUNNING (Entry: 55.2)
📡 Registered MOODENGUSDT (MARKET) as RUNNING (Entry: 0.05537)
📡 Registered MEUSDT (MARKET) as RUNNING (Entry: 0.1549)
📡 Registered MEUSDT (MARKET) as RUNNING (Entry: 0.1549)
📡 Registered MEUSDT (MARKET) as RUNNING (Entry: 0.1549)
📡 Registered MEUSDT (MARKET) as RUNNING (Entry: 0.1549)
📡 Registered MYXUSDT (MARKET) as RUNNING (Entry: 2.48)
📡 Registered MYXUSDT (STOP-MARKET) as WAITING (Entry: 2.48)
📡 Registered MYXUSDT (MARKET) as RUNNING (Entry: 2.48)
📡 Registered MYXUSDT (MARKET) as RUNNING (Entry: 2.48)
📡 Registered MYXUSDT (MARKET) as RUNNING (Entry: 2.477)
📡 Registered MYXUSDT (MARKET) as RUNNING (Entry: 2.48)
📡 Registered NAORISUSDT (MARKET) as RUNNING (Entry: 0.03555)
📡 Registered NAORISUSDT (MARKET) as RUNNING (Entry: 0.03555)
📡 Registered OMUSDT (MARKET) as RUNNING (Entry: 0.0557)
📡 Registered ONDOUSDT (STOP-MARKET) as WAITING (Entry: 0.2722)
📡 Registered ONDOUSDT (MARKET) as RUNNING (Entry: 0.2722)
📡 Registered ONDOUSDT (MARKET) as RUNNING (Entry: 0.2721)
📡 Registered ONDOUSDT (STOP-MARKET) as WAITING (Entry: 0.2722)
📡 Registered ONDOUSDT (MARKET) as RUNNING (Entry: 0.2721)
📡 Registered ONDOUSDT (MARKET) as RUNNING (Entry: 0.2722)
📡 Registered ONDOUSDT (MARKET) as RUNNING (Entry: 0.2721)
📡 Registered ONDOUSDT (LIMIT) as WAITING (Entry: 0.2722)
📡 Registered ONDOUSDT (MARKET) as RUNNING (Entry: 0.2722)
📡 Registered OWLUSDT (MARKET) as RUNNING (Entry: 0.0146)
📡 Registered OWLUSDT (STOP-MARKET) as WAITING (Entry: 0.0146)
📡 Registered OWLUSDT (MARKET) as RUNNING (Entry: 0.0146)
📡 Registered OWLUSDT (MARKET) as RUNNING (Entry: 0.0146)
📡 Registered OWLUSDT (MARKET) as RUNNING (Entry: 0.0146)
📡 Registered OWLUSDT (MARKET) as RUNNING (Entry: 0.0146)
📡 Registered OWLUSDT (MARKET) as RUNNING (Entry: 0.0146)
📡 Registered OPUSDT (MARKET) as RUNNING (Entry: 0.1912)
📡 Registered OPUSDT (MARKET) as RUNNING (Entry: 0.1912)
📡 Registered PAXGUSDT (LIMIT) as WAITING (Entry: 5035.42)
📡 Registered PAXGUSDT (MARKET) as RUNNING (Entry: 5036.01)
📡 Registered PAXGUSDT (LIMIT) as WAITING (Entry: 5036.01)
🚀 [ENTRY TRIGGERED] EPHUSDT LONG at 0.0705 (STOP-MARKET Entry: 0.0705)
🚀 [ENTRY TRIGGERED] FHEUSDT LONG at 0.0398 (LIMIT Entry: 0.0398)
🚀 [ENTRY TRIGGERED] HBARUSDT SHORT at 0.10129 (STOP-MARKET Entry: 0.10129)
🚀 [ENTRY TRIGGERED] ICPUSDT LONG at 2.397 (STOP-MARKET Entry: 2.397)
📡 Registered PENGUINUSDT (MARKET) as RUNNING (Entry: 0.0201)
📡 Registered PENGUINUSDT (MARKET) as RUNNING (Entry: 0.02009)
📡 Registered PEPEUSDT (STOP-MARKET) as WAITING (Entry: 3.79e-06)
💓 Tracking heartbeat: 185 active trades
📡 Registered PEPEUSDT (MARKET) as RUNNING (Entry: 3.79e-06)
📡 Registered PEPEUSDT (MARKET) as RUNNING (Entry: 3.79e-06)
📡 Registered PENGUUSDT (STOP-MARKET) as WAITING (Entry: 0.006772)
📡 Registered PENGUUSDT (MARKET) as RUNNING (Entry: 0.006766)
📡 Registered PIUSDT (MARKET) as RUNNING (Entry: 0.151)
📡 Registered PIUSDT (STOP-MARKET) as WAITING (Entry: 0.151)
📡 Registered PIUSDT (MARKET) as RUNNING (Entry: 0.151)
📡 Registered PIUSDT (MARKET) as RUNNING (Entry: 0.151)
📡 Registered PLAYUSDT (MARKET) as RUNNING (Entry: 0.04147)
📡 Registered PLAYUSDT (STOP-MARKET) as WAITING (Entry: 0.04147)
📡 Registered PLAYUSDT (LIMIT) as WAITING (Entry: 0.04147)
📡 Registered PLAYUSDT (MARKET) as RUNNING (Entry: 0.04149)
📡 Registered PIPPINUSDT (STOP-MARKET) as WAITING (Entry: 0.59593)
📡 Registered PIPPINUSDT (MARKET) as RUNNING (Entry: 0.59697)
📡 Registered PIPPINUSDT (MARKET) as RUNNING (Entry: 0.59593)
📡 Registered PIPPINUSDT (MARKET) as RUNNING (Entry: 0.59697)
📡 Registered PSYOPANIMEUSDT (STOP-MARKET) as WAITING (Entry: 0.005637238927735338)
📡 Registered PSYOPANIMEUSDT (MARKET) as RUNNING (Entry: 0.006268)
📡 Registered PSYOPANIMEUSDT (MARKET) as RUNNING (Entry: 0.006268)
📡 Registered PSYOPANIMEUSDT (LIMIT) as WAITING (Entry: 0.005827)
📡 Registered PSYOPANIMEUSDT (MARKET) as RUNNING (Entry: 0.006268)
📡 Registered PSYOPANIMEUSDT (MARKET) as RUNNING (Entry: 0.006268)
📡 Registered PSYOPANIMEUSDT (STOP-MARKET) as WAITING (Entry: 0.006268)
📡 Registered PSYOPANIMEUSDT (MARKET) as RUNNING (Entry: 0.006268)
📡 Registered PSYOPANIMEUSDT (MARKET) as RUNNING (Entry: 0.006268)
📡 Registered PSYOPANIMEUSDT (MARKET) as RUNNING (Entry: 0.006268)
📡 Registered PSYOPANIMEUSDT (MARKET) as RUNNING (Entry: 0.006268)
📡 Registered PSYOPANIMEUSDT (MARKET) as RUNNING (Entry: 0.006268)
📡 Registered PSYOPANIMEUSDT (MARKET) as RUNNING (Entry: 0.006268)
📡 Registered PSYOPANIMEUSDT (MARKET) as RUNNING (Entry: 0.006268)
📡 Registered PSYOPANIMEUSDT (MARKET) as RUNNING (Entry: 0.006268)
📡 Registered POWERUSDT (MARKET) as RUNNING (Entry: 0.26997)
📡 Registered POWERUSDT (STOP-MARKET) as WAITING (Entry: 0.26997)
📡 Registered POWERUSDT (MARKET) as RUNNING (Entry: 0.27006)
📡 Registered RECALLUSDT (STOP-MARKET) as WAITING (Entry: 0.05388)
📡 Registered RECALLUSDT (MARKET) as RUNNING (Entry: 0.05388)
📡 Registered RECALLUSDT (MARKET) as RUNNING (Entry: 0.05388)
📡 Registered RECALLUSDT (MARKET) as RUNNING (Entry: 0.05388)
📡 Registered RECALLUSDT (MARKET) as RUNNING (Entry: 0.05388)
📡 Registered RECALLUSDT (MARKET) as RUNNING (Entry: 0.05388)
📡 Registered PUMPFUNUSDT (MARKET) as RUNNING (Entry: 0.002117)
📡 Registered PUMPFUNUSDT (STOP-MARKET) as WAITING (Entry: 0.002117)
📡 Registered PUMPFUNUSDT (MARKET) as RUNNING (Entry: 0.002117)
📡 Registered RIVERUSDT (STOP-MARKET) as WAITING (Entry: 14.573)
📡 Registered RIVERUSDT (MARKET) as RUNNING (Entry: 14.573)
📡 Registered RIVERUSDT (STOP-MARKET) as WAITING (Entry: 14.573)
📡 Registered RIVERUSDT (MARKET) as RUNNING (Entry: 14.573)
📡 Registered RIVERUSDT (LIMIT) as WAITING (Entry: 14.573)
📡 Registered RIVERUSDT (MARKET) as RUNNING (Entry: 14.573)
📡 Registered RIVERUSDT (MARKET) as RUNNING (Entry: 14.573)
🚀 [ENTRY TRIGGERED] LYNUSDT LONG at 0.20806 (LIMIT Entry: 0.20799)
🚀 [ENTRY TRIGGERED] LYNUSDT LONG at 0.20806 (STOP-MARKET Entry: 0.20815)
🚀 [ENTRY TRIGGERED] MYXUSDT SHORT at 2.477 (STOP-MARKET Entry: 2.48)
🚀 [ENTRY TRIGGERED] ONDOUSDT SHORT at 0.2722 (STOP-MARKET Entry: 0.2722)
🚀 [ENTRY TRIGGERED] ONDOUSDT LONG at 0.2722 (STOP-MARKET Entry: 0.2722)
🚀 [ENTRY TRIGGERED] ONDOUSDT SHORT at 0.2722 (LIMIT Entry: 0.2722)
🚀 [ENTRY TRIGGERED] OWLUSDT SHORT at 0.0146 (STOP-MARKET Entry: 0.0146)
🚀 [ENTRY TRIGGERED] PAXGUSDT LONG at 5036.01 (LIMIT Entry: 5035.42)
🚀 [ENTRY TRIGGERED] PAXGUSDT LONG at 5036.01 (LIMIT Entry: 5036.01)
🚀 [ENTRY TRIGGERED] PEPEUSDT SHORT at 3.79e-06 (STOP-MARKET Entry: 3.79e-06)
📡 Registered SPACEUSDT (MARKET) as RUNNING (Entry: 0.007027)
📡 Registered SPACEUSDT (MARKET) as RUNNING (Entry: 0.007027)
📡 Registered SPACEUSDT (STOP-MARKET) as WAITING (Entry: 0.007027)
📡 Registered SPACEUSDT (MARKET) as RUNNING (Entry: 0.007027)
📡 Registered SPACEUSDT (MARKET) as RUNNING (Entry: 0.007027)
📡 Registered SPACEUSDT (MARKET) as RUNNING (Entry: 0.007027)
📡 Registered SPACEUSDT (MARKET) as RUNNING (Entry: 0.007027)
📡 Registered SPACEUSDT (MARKET) as RUNNING (Entry: 0.007027)
📡 Registered SIRENUSDT (MARKET) as RUNNING (Entry: 0.13388)
📡 Registered SIRENUSDT (LIMIT) as WAITING (Entry: 0.13339)
📡 Registered SIRENUSDT (MARKET) as RUNNING (Entry: 0.13388)
📡 Registered SIRENUSDT (MARKET) as RUNNING (Entry: 0.13388)
📡 Registered SIRENUSDT (MARKET) as RUNNING (Entry: 0.13388)
📡 Registered SIRENUSDT (MARKET) as RUNNING (Entry: 0.13388)
📡 Registered SIRENUSDT (MARKET) as RUNNING (Entry: 0.13233)
📡 Registered SIRENUSDT (MARKET) as RUNNING (Entry: 0.13233)
📡 Registered SIRENUSDT (MARKET) as RUNNING (Entry: 0.13388)
📡 Registered SIRENUSDT (MARKET) as RUNNING (Entry: 0.13233)
📡 Registered SILVERUSDT (MARKET) as RUNNING (Entry: 77.47)
📡 Registered SUIUSDT (MARKET) as RUNNING (Entry: 0.9654)
📡 Registered TAOUSDT (STOP-MARKET) as WAITING (Entry: 190.1)
📡 Registered TAOUSDT (MARKET) as RUNNING (Entry: 190.1)
📡 Registered TAKEUSDT (MARKET) as RUNNING (Entry: 0.05538)
📡 Registered TONCOINUSDT (MARKET) as RUNNING (Entry: 1.453)
📡 Registered TOSHIUSDT (MARKET) as RUNNING (Entry: 0.0002409)
📡 Registered TOSHIUSDT (STOP-MARKET) as WAITING (Entry: 0.0002409)
📡 Registered TOSHIUSDT (MARKET) as RUNNING (Entry: 0.0002409)
📡 Registered TOSHIUSDT (MARKET) as RUNNING (Entry: 0.0002411)
📡 Registered TRXUSDT (LIMIT) as WAITING (Entry: 0.28277)
📡 Registered TRXUSDT (MARKET) as RUNNING (Entry: 0.28277)
📡 Registered VIRTUALUSDT (STOP-MARKET) as WAITING (Entry: 0.6208)
📡 Registered VIRTUALUSDT (MARKET) as RUNNING (Entry: 0.6208)
📡 Registered VIRTUALUSDT (MARKET) as RUNNING (Entry: 0.6208)
📡 Registered VVVUSDT (MARKET) as RUNNING (Entry: 2.795)
📡 Registered VVVUSDT (STOP-MARKET) as WAITING (Entry: 2.795)
📡 Registered VVVUSDT (MARKET) as RUNNING (Entry: 2.795)
📡 Registered VVVUSDT (STOP-MARKET) as WAITING (Entry: 2.795)
📡 Registered VVVUSDT (MARKET) as RUNNING (Entry: 2.795)
📡 Registered VVVUSDT (MARKET) as RUNNING (Entry: 2.795)
📡 Registered VVVUSDT (MARKET) as RUNNING (Entry: 2.795)
📡 Registered VVVUSDT (MARKET) as RUNNING (Entry: 2.795)
📡 Registered VVVUSDT (MARKET) as RUNNING (Entry: 2.795)
📡 Registered UNIUSDT (MARKET) as RUNNING (Entry: 3.398)
📡 Registered TRIAUSDT (MARKET) as RUNNING (Entry: 0.01925)
🚀 [ENTRY TRIGGERED] FETUSDT LONG at 0.1679 (STOP-MARKET Entry: 0.1679)
💰 [TP HIT] PAXGUSDT LONG at 4968.3668
🚀 [ENTRY TRIGGERED] PENGUUSDT SHORT at 0.006763 (STOP-MARKET Entry: 0.006772)
🚀 [ENTRY TRIGGERED] PIUSDT SHORT at 0.151 (STOP-MARKET Entry: 0.151)
🚀 [ENTRY TRIGGERED] PLAYUSDT SHORT at 0.04147 (STOP-MARKET Entry: 0.04147)
🚀 [ENTRY TRIGGERED] PLAYUSDT LONG at 0.04147 (LIMIT Entry: 0.04147)
🚀 [ENTRY TRIGGERED] PSYOPANIMEUSDT LONG at 0.006304 (STOP-MARKET Entry: 0.005637238927735338)
🚀 [ENTRY TRIGGERED] PSYOPANIMEUSDT LONG at 0.006304 (STOP-MARKET Entry: 0.006268)
🚀 [ENTRY TRIGGERED] RECALLUSDT SHORT at 0.05388 (STOP-MARKET Entry: 0.05388)
🚀 [ENTRY TRIGGERED] PUMPFUNUSDT LONG at 0.002116 (STOP-MARKET Entry: 0.002117)
🚀 [ENTRY TRIGGERED] RIVERUSDT LONG at 14.611 (STOP-MARKET Entry: 14.573)
🚀 [ENTRY TRIGGERED] SPACEUSDT LONG at 0.007027 (STOP-MARKET Entry: 0.007027)
📡 Registered WIFUSDT (MARKET) as RUNNING (Entry: 0.2233)
📡 Registered WIFUSDT (MARKET) as RUNNING (Entry: 0.2234)
📡 Registered WIFUSDT (MARKET) as RUNNING (Entry: 0.2233)
📡 Registered WIFUSDT (MARKET) as RUNNING (Entry: 0.223)
💓 Tracking heartbeat: 283 active trades
📡 Registered WLDUSDT (MARKET) as RUNNING (Entry: 0.4)
📡 Registered WLDUSDT (MARKET) as RUNNING (Entry: 0.4001)
📡 Registered WLDUSDT (MARKET) as RUNNING (Entry: 0.4)
📡 Registered WLDUSDT (MARKET) as RUNNING (Entry: 0.4001)
📡 Registered XAUTUSDT (LIMIT) as WAITING (Entry: 5007.2)
📡 Registered XMRUSDT (MARKET) as RUNNING (Entry: 355.27)
📡 Registered XMRUSDT (MARKET) as RUNNING (Entry: 355.27)
📡 Registered XMRUSDT (STOP-MARKET) as WAITING (Entry: 355.27)
📡 Registered XMRUSDT (MARKET) as RUNNING (Entry: 355.27)
📡 Registered XLMUSDT (MARKET) as RUNNING (Entry: 0.16546)
📡 Registered XLMUSDT (STOP-MARKET) as WAITING (Entry: 0.16546)
📡 Registered XLMUSDT (MARKET) as RUNNING (Entry: 0.16546)
📡 Registered XLMUSDT (MARKET) as RUNNING (Entry: 0.16546)
📡 Registered XLMUSDT (MARKET) as RUNNING (Entry: 0.16546)
📡 Registered XLMUSDT (MARKET) as RUNNING (Entry: 0.16546)
📡 Registered XNYUSDT (MARKET) as RUNNING (Entry: 0.006164)
📡 Registered XNYUSDT (MARKET) as RUNNING (Entry: 0.006164)
📡 Registered XNYUSDT (MARKET) as RUNNING (Entry: 0.006164)
📡 Registered XPLUSDT (STOP-MARKET) as WAITING (Entry: 0.0997)
📡 Registered XPLUSDT (STOP-MARKET) as WAITING (Entry: 0.0997)
📡 Registered ZAMAUSDT (MARKET) as RUNNING (Entry: 0.02132)
📡 Registered ZAMAUSDT (LIMIT) as WAITING (Entry: 0.02132)
📡 Registered ZAMAUSDT (MARKET) as RUNNING (Entry: 0.02132)
📡 Registered ZECUSDT (STOP-MARKET) as WAITING (Entry: 282.35)
📡 Registered ZECUSDT (MARKET) as RUNNING (Entry: 282.35)
📡 Registered ZKCUSDT (MARKET) as RUNNING (Entry: 0.1028)
📡 Registered ZKCUSDT (MARKET) as RUNNING (Entry: 0.1028)
📡 Registered ZKCUSDT (MARKET) as RUNNING (Entry: 0.103)
🚀 [ENTRY TRIGGERED] BASUSDT LONG at 0.005909 (STOP-MARKET Entry: 0.005909)
🚀 [ENTRY TRIGGERED] PIPPINUSDT SHORT at 0.59556 (STOP-MARKET Entry: 0.59593)
🚀 [ENTRY TRIGGERED] POWERUSDT SHORT at 0.26986 (STOP-MARKET Entry: 0.26997)
🚀 [ENTRY TRIGGERED] TAOUSDT SHORT at 190.1 (STOP-MARKET Entry: 190.1)
🚀 [ENTRY TRIGGERED] TRXUSDT SHORT at 0.28277 (LIMIT Entry: 0.28277)
🚀 [ENTRY TRIGGERED] VIRTUALUSDT SHORT at 0.6208 (STOP-MARKET Entry: 0.6208)
🚀 [ENTRY TRIGGERED] VVVUSDT SHORT at 2.795 (STOP-MARKET Entry: 2.795)
🚀 [ENTRY TRIGGERED] VVVUSDT LONG at 2.795 (STOP-MARKET Entry: 2.795)
🚀 [ENTRY TRIGGERED] XAUTUSDT LONG at 5007.4 (LIMIT Entry: 5007.2)
🚀 [ENTRY TRIGGERED] XMRUSDT LONG at 355.27 (STOP-MARKET Entry: 355.27)
🚀 [ENTRY TRIGGERED] XLMUSDT LONG at 0.16546 (STOP-MARKET Entry: 0.16546)
🚀 [ENTRY TRIGGERED] XPLUSDT SHORT at 0.0997 (STOP-MARKET Entry: 0.0997)
🚀 [ENTRY TRIGGERED] XPLUSDT SHORT at 0.0997 (STOP-MARKET Entry: 0.0997)
🚀 [ENTRY TRIGGERED] ZAMAUSDT SHORT at 0.02131 (LIMIT Entry: 0.02132)
🚀 [ENTRY TRIGGERED] ZECUSDT SHORT at 282.27 (STOP-MARKET Entry: 282.35)
💓 Tracking heartbeat: 311 active trades
💓 Tracking heartbeat: 311 active trades
💓 Tracking heartbeat: 311 active trades
🚀 [ENTRY TRIGGERED] ARCSOLUSDT LONG at 0.08135 (LIMIT Entry: 0.08135)
🚀 [ENTRY TRIGGERED] RIVERUSDT SHORT at 14.58 (STOP-MARKET Entry: 14.573)
🚀 [ENTRY TRIGGERED] RIVERUSDT LONG at 14.58 (LIMIT Entry: 14.573)
💓 Tracking heartbeat: 311 active trades
💓 Tracking heartbeat: 311 active trades
🚀 [ENTRY TRIGGERED] AZTECUSDT LONG at 0.02338 (STOP-MARKET Entry: 0.02339)
💓 Tracking heartbeat: 311 active trades
💓 Tracking heartbeat: 311 active trades
💓 Tracking heartbeat: 311 active trades
💓 Tracking heartbeat: 311 active trades
💓 Tracking heartbeat: 311 active trades
💓 Tracking heartbeat: 311 active trades
💓 Tracking heartbeat: 311 active trades
🛑 [SL HIT] CTCUSDT LONG at 0.1957 (Shielded SL: 0.195712)
💓 Tracking heartbeat: 311 active trades
💓 Tracking heartbeat: 311 active trades
💓 Tracking heartbeat: 311 active trades
🚀 [ENTRY TRIGGERED] TOSHIUSDT SHORT at 0.000241 (STOP-MARKET Entry: 0.0002409)
💓 Tracking heartbeat: 311 active trades
🛑 [SL HIT] AZTECUSDT SHORT at 0.02374 (Shielded SL: 0.023730)
💓 Tracking heartbeat: 311 active trades
💓 Tracking heartbeat: 311 active trades
💓 Tracking heartbeat: 311 active trades
💓 Tracking heartbeat: 311 active trades
🛑 [SL HIT] AZTECUSDT SHORT at 0.02381 (Shielded SL: 0.023758)
🛑 [SL HIT] AZTECUSDT SHORT at 0.02386 (Shielded SL: 0.023826)
💓 Tracking heartbeat: 311 active trades
💓 Tracking heartbeat: 311 active trades
💓 Tracking heartbeat: 311 active trades
💓 Tracking heartbeat: 311 active trades
💓 Tracking heartbeat: 311 active trades
💓 Tracking heartbeat: 311 active trades
💓 Tracking heartbeat: 311 active trades
💓 Tracking heartbeat: 311 active trades
💰 [TP HIT] BSVUSDT SHORT at 16.43276138002111
🛑 [SL HIT] VVVUSDT LONG at 2.639 (Shielded SL: 2.684718)
🛑 [SL HIT] VVVUSDT LONG at 2.639 (Shielded SL: 2.684718)
🛑 [SL HIT] VVVUSDT LONG at 2.639 (Shielded SL: 2.668831)
🛑 [SL HIT] VVVUSDT LONG at 2.639 (Shielded SL: 2.664296)
💓 Tracking heartbeat: 311 active trades
💓 Tracking heartbeat: 311 active trades
💓 Tracking heartbeat: 311 active trades
💓 Tracking heartbeat: 311 active trades
💓 Tracking heartbeat: 311 active trades
🚀 [ENTRY TRIGGERED] AAVEUSDT LONG at 120.92 (LIMIT Entry: 120.95)
💓 Tracking heartbeat: 311 active trades
💓 Tracking heartbeat: 311 active trades
💓 Tracking heartbeat: 311 active trades
💓 Tracking heartbeat: 311 active trades
🛑 [SL HIT] OPUSDT LONG at 0.1907 (Shielded SL: 0.190705)
🛑 [SL HIT] OPUSDT LONG at 0.1907 (Shielded SL: 0.190717)
💓 Tracking heartbeat: 311 active trades
💓 Tracking heartbeat: 311 active trades
💓 Tracking heartbeat: 311 active trades
🛑 [SL HIT] AAVEUSDT LONG at 120.86 (Shielded SL: 120.862203)
💓 Tracking heartbeat: 311 active trades
🛑 [SL HIT] ATOMUSDT LONG at 2.121 (Shielded SL: 2.121946)
Client disconnected: 6QicQpS_EBWmsdq4AAAF
Client connected: UGuI_esj_MrS8ZtHAAAH
💓 Tracking heartbeat: 311 active trades
💰 [TP HIT] WLDUSDT SHORT at 0.39872674893873944
💓 Tracking heartbeat: 311 active trades
🚀 Starting analysis for session UGuI_esj_MrS8ZtHAAAH
📡 Registered AIAUSDT (MARKET) as RUNNING (Entry: 0.1274)
💓 Tracking heartbeat: 312 active trades
🪄 [RECOVERY] VVVUSDT recovered from False SL! Current Price: 2.689
💓 Tracking heartbeat: 312 active trades
📡 Registered CTCUSDT (MARKET) as RUNNING (Entry: 0.1945)
📡 Registered CTCUSDT (STOP-MARKET) as WAITING (Entry: 0.1945)
🚀 [ENTRY TRIGGERED] CTCUSDT LONG at 0.1945 (STOP-MARKET Entry: 0.1945)
📡 Registered ECHELONUSDT (MARKET) as RUNNING (Entry: 0.1865)
📡 Registered ENSOUSDT (MARKET) as RUNNING (Entry: 1.1498)
📡 Registered ENSOUSDT (STOP-MARKET) as WAITING (Entry: 1.1498)
📡 Registered ENSOUSDT (MARKET) as RUNNING (Entry: 1.1498)
📡 Registered FOGOUSDT (STOP-MARKET) as WAITING (Entry: 0.02278)
🪄 [RECOVERY] AZTECUSDT recovered from False SL! Current Price: 0.02365
🪄 [RECOVERY] VVVUSDT recovered from False SL! Current Price: 2.696
🚀 [ENTRY TRIGGERED] ENSOUSDT SHORT at 1.1498 (STOP-MARKET Entry: 1.1498)
💓 Tracking heartbeat: 319 active trades
📡 Registered GIGGLEUSDT (MARKET) as RUNNING (Entry: 31.99)
📡 Registered GIGGLEUSDT (MARKET) as RUNNING (Entry: 31.99)
📡 Registered HBARUSDT (MARKET) as RUNNING (Entry: 0.10103)
📡 Registered HUSDT (MARKET) as RUNNING (Entry: 0.22664)
📡 Registered NAORISUSDT (MARKET) as RUNNING (Entry: 0.03496)
📡 Registered MORPHOUSDT (MARKET) as RUNNING (Entry: 1.2181)
📡 Registered MUBARAKUSDT (MARKET) as RUNNING (Entry: 0.01663)
📡 Registered MUBARAKUSDT (MARKET) as RUNNING (Entry: 0.01663)
🚀 [ENTRY TRIGGERED] FOGOUSDT LONG at 0.02278 (STOP-MARKET Entry: 0.02278)
📡 Registered MUBARAKUSDT (STOP-MARKET) as WAITING (Entry: 0.01663)
📡 Registered MUBARAKUSDT (MARKET) as RUNNING (Entry: 0.01663)
📡 Registered MYXUSDT (STOP-MARKET) as WAITING (Entry: 2.5696572651782623)
📡 Registered MYXUSDT (MARKET) as RUNNING (Entry: 2.48)
📡 Registered MOODENGUSDT (MARKET) as RUNNING (Entry: 0.05525)
📡 Registered MOODENGUSDT (MARKET) as RUNNING (Entry: 0.05525)
📡 Registered MOODENGUSDT (MARKET) as RUNNING (Entry: 0.05525)
📡 Registered PENGUUSDT (MARKET) as RUNNING (Entry: 0.006746)
📡 Registered PENDLEUSDT (MARKET) as RUNNING (Entry: 1.2535)
🚀 [ENTRY TRIGGERED] MUBARAKUSDT LONG at 0.01663 (STOP-MARKET Entry: 0.01663)
🚀 [ENTRY TRIGGERED] MYXUSDT SHORT at 2.48 (STOP-MARKET Entry: 2.5696572651782623)
💓 Tracking heartbeat: 336 active trades
  ⚠ MEXC Fetch Error (CTCUSDT): 400 Client Error: Bad Request for url: https://api.mexc.com/api/v3/klines?symbol=CTCUSDT&interval=1h&limit=200
📡 Registered RIVERUSDT (MARKET) as RUNNING (Entry: 14.319)
📡 Registered RIVERUSDT (MARKET) as RUNNING (Entry: 14.325)
📡 Registered SHIBUSDT (MARKET) as RUNNING (Entry: 6.365e-06)
📡 Registered PYTHUSDT (MARKET) as RUNNING (Entry: 0.0508)
💓 Tracking heartbeat: 340 active trades
📡 Registered SUSDT (MARKET) as RUNNING (Entry: 0.04915)
📡 Registered SUSDT (STOP-MARKET) as WAITING (Entry: 0.04915)
📡 Registered SUSDT (MARKET) as RUNNING (Entry: 0.04915)
📡 Registered SUSDT (MARKET) as RUNNING (Entry: 0.04905)
📡 Registered SUSDT (MARKET) as RUNNING (Entry: 0.04915)
📡 Registered TNSRUSDT (MARKET) as RUNNING (Entry: 0.05448)
📡 Registered TOSHIUSDT (MARKET) as RUNNING (Entry: 0.0002385)
📡 Registered TRXUSDT (MARKET) as RUNNING (Entry: 0.28273)
🪄 [RECOVERY] AZTECUSDT recovered from False SL! Current Price: 0.02361
💰 [TP HIT] TOSHIUSDT SHORT at 0.00023850572238903812
📡 Registered XMRUSDT (MARKET) as RUNNING (Entry: 354.19)
🚀 [ENTRY TRIGGERED] SUSDT LONG at 0.04915 (STOP-MARKET Entry: 0.04915)
💓 Tracking heartbeat: 349 active trades
📡 Registered XPLUSDT (MARKET) as RUNNING (Entry: 0.0991)
📡 Registered ZAMAUSDT (STOP-MARKET) as WAITING (Entry: 0.02149808792044761)
📡 Registered ZAMAUSDT (MARKET) as RUNNING (Entry: 0.02151)
📡 Registered ZAMAUSDT (STOP-MARKET) as WAITING (Entry: 0.02151)
📡 Registered ZAMAUSDT (MARKET) as RUNNING (Entry: 0.02151)
💓 Tracking heartbeat: 354 active trades
💓 Tracking heartbeat: 354 active trades
🚀 Starting analysis for session UGuI_esj_MrS8ZtHAAAH
🪄 [RECOVERY] VVVUSDT recovered from False SL! Current Price: 2.707
🪄 [RECOVERY] VVVUSDT recovered from False SL! Current Price: 2.707
💓 Tracking heartbeat: 354 active trades
📡 Registered BANKUSDT (MARKET) as RUNNING (Entry: 0.0419)
🪄 [RECOVERY] AZTECUSDT recovered from False SL! Current Price: 0.02354
📡 Registered CAKEUSDT (MARKET) as RUNNING (Entry: 1.2956)
📡 Registered CAKEUSDT (MARKET) as RUNNING (Entry: 1.2956)
📡 Registered BNBUSDT (MARKET) as RUNNING (Entry: 616.7)
📡 Registered BNBUSDT (MARKET) as RUNNING (Entry: 616.7)
📡 Registered CFXUSDT (MARKET) as RUNNING (Entry: 0.05459)
📡 Registered CFXUSDT (STOP-MARKET) as WAITING (Entry: 0.05459)
📡 Registered CFXUSDT (MARKET) as RUNNING (Entry: 0.05459)
📡 Registered CFXUSDT (MARKET) as RUNNING (Entry: 0.05459)
📡 Registered BTCUSDT (MARKET) as RUNNING (Entry: 68734.7)
🚀 [ENTRY TRIGGERED] CFXUSDT LONG at 0.05459 (STOP-MARKET Entry: 0.05459)
📡 Registered COAIUSDT (MARKET) as RUNNING (Entry: 0.413)
💓 Tracking heartbeat: 365 active trades
📡 Registered DOGEUSDT (MARKET) as RUNNING (Entry: 0.09667)
📡 Registered EIGENUSDT (MARKET) as RUNNING (Entry: 0.209)
📡 Registered EULUSDT (MARKET) as RUNNING (Entry: 0.955)
📡 Registered FARTCOINUSDT (MARKET) as RUNNING (Entry: 0.1895)
📡 Registered FARTCOINUSDT (MARKET) as RUNNING (Entry: 0.1895)
💓 Tracking heartbeat: 370 active trades
📡 Registered MEUSDT (MARKET) as RUNNING (Entry: 0.1541)
Client connected: QjJdgcsNAqe3JLbaAAAJ
💓 Tracking heartbeat: 371 active trades
📡 Registered POLUSDT (MARKET) as RUNNING (Entry: 0.10071)
📡 Registered PYTHUSDT (MARKET) as RUNNING (Entry: 0.05089)
📡 Registered PYTHUSDT (LIMIT) as WAITING (Entry: 0.05169)
📡 Registered PYTHUSDT (STOP-MARKET) as WAITING (Entry: 0.05089)
📡 Registered PYTHUSDT (MARKET) as RUNNING (Entry: 0.05089)
📡 Registered PYTHUSDT (MARKET) as RUNNING (Entry: 0.05088)
📡 Registered PYTHUSDT (MARKET) as RUNNING (Entry: 0.05089)
🚀 [ENTRY TRIGGERED] PYTHUSDT LONG at 0.05089 (STOP-MARKET Entry: 0.05089)
💓 Tracking heartbeat: 378 active trades
🚀 Starting analysis for session QjJdgcsNAqe3JLbaAAAJ
📡 Registered SPACEUSDT (MARKET) as RUNNING (Entry: 0.007133)
📡 Registered ASTERUSDT (MARKET) as RUNNING (Entry: 0.7114)
📡 Registered ARCSOLUSDT (MARKET) as RUNNING (Entry: 0.08091)
📡 Registered ARCSOLUSDT (MARKET) as RUNNING (Entry: 0.08069)
📡 Registered APTUSDT (MARKET) as RUNNING (Entry: 0.9454)
📡 Registered APTUSDT (STOP-MARKET) as WAITING (Entry: 0.9454)
📡 Registered APTUSDT (MARKET) as RUNNING (Entry: 0.9454)
📡 Registered APTUSDT (MARKET) as RUNNING (Entry: 0.9454)
📡 Registered AVAXUSDT (MARKET) as RUNNING (Entry: 9.162)
📡 Registered AVAXUSDT (MARKET) as RUNNING (Entry: 9.164)
📡 Registered AVAXUSDT (MARKET) as RUNNING (Entry: 9.164)
📡 Registered ARBUSDT (MARKET) as RUNNING (Entry: 0.1156)
📡 Registered ARBUSDT (MARKET) as RUNNING (Entry: 0.1156)
📡 Registered ARBUSDT (MARKET) as RUNNING (Entry: 0.1156)
📡 Registered ADAUSDT (MARKET) as RUNNING (Entry: 0.2752)
📡 Registered ADAUSDT (MARKET) as RUNNING (Entry: 0.2752)
📡 Registered ADAUSDT (MARKET) as RUNNING (Entry: 0.2752)
📡 Registered AAVEUSDT (MARKET) as RUNNING (Entry: 120.8)
📡 Registered AAVEUSDT (MARKET) as RUNNING (Entry: 120.8)
🚀 [ENTRY TRIGGERED] APTUSDT LONG at 0.9454 (STOP-MARKET Entry: 0.9454)
📡 Registered AIAUSDT (MARKET) as RUNNING (Entry: 0.1281)
💓 Tracking heartbeat: 398 active trades
📡 Registered BASUSDT (STOP-MARKET) as WAITING (Entry: 0.005887)
📡 Registered BASUSDT (MARKET) as RUNNING (Entry: 0.0059)
📡 Registered BASUSDT (MARKET) as RUNNING (Entry: 0.0059)
📡 Registered AXSUSDT (MARKET) as RUNNING (Entry: 1.448)
📡 Registered AXSUSDT (STOP-MARKET) as WAITING (Entry: 1.447)
📡 Registered AXSUSDT (MARKET) as RUNNING (Entry: 1.448)
📡 Registered USDCUSDT (MARKET) as RUNNING (Entry: 0.99998)
📡 Registered BCHUSDT (STOP-MARKET) as WAITING (Entry: 559.2793842343457)
📡 Registered AZTECUSDT (LIMIT) as WAITING (Entry: 0.02332)
Error processing trade signal: too many values to unpack (expected 2)
Error processing trade signal: too many values to unpack (expected 2)
🚀 [ENTRY TRIGGERED] BCHUSDT SHORT at 558.96 (STOP-MARKET Entry: 559.2793842343457)
📡 Registered BSVUSDT (MARKET) as RUNNING (Entry: 16.41)
📡 Registered BSVUSDT (MARKET) as RUNNING (Entry: 16.41)
Error processing trade signal: too many values to unpack (expected 2)
📡 Registered BSVUSDT (MARKET) as RUNNING (Entry: 16.41)
📡 Registered BSVUSDT (MARKET) as RUNNING (Entry: 16.41)
📡 Registered BTCUSDT (MARKET) as RUNNING (Entry: 68740.7)
📡 Registered BTCUSDT (STOP-MARKET) as WAITING (Entry: 68740.7)
📡 Registered BTCUSDT (MARKET) as RUNNING (Entry: 68740.7)
📡 Registered BTCUSDT (MARKET) as RUNNING (Entry: 68741.1)
🚀 [ENTRY TRIGGERED] AXSUSDT SHORT at 1.447 (STOP-MARKET Entry: 1.447)
🚀 [ENTRY TRIGGERED] BTCUSDT LONG at 68742.0 (STOP-MARKET Entry: 68740.7)
📡 Registered BERAUSDT (LIMIT) as WAITING (Entry: 0.6705)
📡 Registered WLFIUSDT (MARKET) as RUNNING (Entry: 0.1031)
📡 Registered BTRUSDT (LIMIT) as WAITING (Entry: 0.15727)
📡 Registered BTRUSDT (STOP-MARKET) as WAITING (Entry: 0.15791)
🚀 [ENTRY TRIGGERED] BTRUSDT SHORT at 0.15791 (STOP-MARKET Entry: 0.15791)
📡 Registered BTRUSDT (MARKET) as RUNNING (Entry: 0.15791)
📡 Registered CLAWNCHUSDT (STOP-MARKET) as WAITING (Entry: 0.000107)
📡 Registered CLAWNCHUSDT (MARKET) as RUNNING (Entry: 0.000107)
📡 Registered CLAWNCHUSDT (MARKET) as RUNNING (Entry: 0.00011)
🚀 [ENTRY TRIGGERED] CLAWNCHUSDT SHORT at 0.000107 (STOP-MARKET Entry: 0.000107)
📡 Registered COMPUSDT (MARKET) as RUNNING (Entry: 19.74)
📡 Registered COMPUSDT (MARKET) as RUNNING (Entry: 19.74)
📡 Registered DEEPUSDT (MARKET) as RUNNING (Entry: 0.02888)
📡 Registered XNYUSDT (MARKET) as RUNNING (Entry: 0.006171)
Error processing trade signal: too many values to unpack (expected 2)
💓 Tracking heartbeat: 427 active trades
📡 Registered ZAMAUSDT (MARKET) as RUNNING (Entry: 0.02143)
📡 Registered EPHUSDT (MARKET) as RUNNING (Entry: 0.0705)
📡 Registered ENAUSDT (MARKET) as RUNNING (Entry: 0.1215)
📡 Registered ENAUSDT (MARKET) as RUNNING (Entry: 0.1215)
📡 Registered ECHELONUSDT (MARKET) as RUNNING (Entry: 0.1868)
📡 Registered ESPUSDT (MARKET) as RUNNING (Entry: 0.06129)
📡 Registered ETHUSDT (MARKET) as RUNNING (Entry: 2050.13)
📡 Registered ETHUSDT (MARKET) as RUNNING (Entry: 2050.13)
📡 Registered FARTCOINUSDT (STOP-MARKET) as WAITING (Entry: 0.1896)
🚀 [ENTRY TRIGGERED] FARTCOINUSDT SHORT at 0.1896 (STOP-MARKET Entry: 0.1896)
📡 Registered HBARUSDT (MARKET) as RUNNING (Entry: 0.10099)
📡 Registered HBARUSDT (STOP-MARKET) as WAITING (Entry: 0.10099)
📡 Registered HBARUSDT (MARKET) as RUNNING (Entry: 0.10099)
📡 Registered HBARUSDT (MARKET) as RUNNING (Entry: 0.10099)
🚀 [ENTRY TRIGGERED] HBARUSDT LONG at 0.10099 (STOP-MARKET Entry: 0.10099)
📡 Registered HBARUSDT (MARKET) as RUNNING (Entry: 0.10099)
📡 Registered FHEUSDT (MARKET) as RUNNING (Entry: 0.03969)
📡 Registered HYPEUSDT (MARKET) as RUNNING (Entry: 31.315)
📡 Registered HYPEUSDT (MARKET) as RUNNING (Entry: 31.315)
📡 Registered HYPEUSDT (MARKET) as RUNNING (Entry: 31.315)
📡 Registered HYPEUSDT (MARKET) as RUNNING (Entry: 31.315)
📡 Registered HUSDT (MARKET) as RUNNING (Entry: 0.22638)
📡 Registered HUSDT (MARKET) as RUNNING (Entry: 0.22618)
📡 Registered KITEUSDT (MARKET) as RUNNING (Entry: 0.21342)
📡 Registered KITEUSDT (STOP-MARKET) as WAITING (Entry: 0.21342)
📡 Registered KITEUSDT (MARKET) as RUNNING (Entry: 0.21342)
📡 Registered KITEUSDT (LIMIT) as WAITING (Entry: 0.21342)
📡 Registered KITEUSDT (MARKET) as RUNNING (Entry: 0.21342)
📡 Registered ICPUSDT (MARKET) as RUNNING (Entry: 2.386)
📡 Registered ICPUSDT (MARKET) as RUNNING (Entry: 2.386)
📡 Registered ICPUSDT (MARKET) as RUNNING (Entry: 2.386)
📡 Registered ICPUSDT (MARKET) as RUNNING (Entry: 2.386)
📡 Registered LYNUSDT (STOP-MARKET) as WAITING (Entry: 0.20905)
📡 Registered LYNUSDT (MARKET) as RUNNING (Entry: 0.20905)
🚀 [ENTRY TRIGGERED] LYNUSDT SHORT at 0.20905 (STOP-MARKET Entry: 0.20905)
📡 Registered MEUSDT (MARKET) as RUNNING (Entry: 0.1541)
📡 Registered MEUSDT (STOP-MARKET) as WAITING (Entry: 0.1544)
📡 Registered MEUSDT (MARKET) as RUNNING (Entry: 0.1541)
📡 Registered MEUSDT (MARKET) as RUNNING (Entry: 0.1541)
📡 Registered LINKUSDT (MARKET) as RUNNING (Entry: 8.824)
🚀 [ENTRY TRIGGERED] KITEUSDT LONG at 0.21342 (STOP-MARKET Entry: 0.21342)
🚀 [ENTRY TRIGGERED] KITEUSDT LONG at 0.21342 (LIMIT Entry: 0.21342)
🚀 [ENTRY TRIGGERED] MEUSDT SHORT at 0.1541 (STOP-MARKET Entry: 0.1544)
💓 Tracking heartbeat: 464 active trades
📡 Registered MOODENGUSDT (STOP-MARKET) as WAITING (Entry: 0.05497)
📡 Registered MOODENGUSDT (MARKET) as RUNNING (Entry: 0.05497)
🚀 [ENTRY TRIGGERED] MOODENGUSDT SHORT at 0.05496 (STOP-MARKET Entry: 0.05497)
📡 Registered MYXUSDT (MARKET) as RUNNING (Entry: 2.48)
📡 Registered MYXUSDT (MARKET) as RUNNING (Entry: 2.48)
📡 Registered NEARUSDT (MARKET) as RUNNING (Entry: 1.024)
📡 Registered NAORISUSDT (MARKET) as RUNNING (Entry: 0.03496)
📡 Registered NAORISUSDT (MARKET) as RUNNING (Entry: 0.03496)
📡 Registered OMUSDT (MARKET) as RUNNING (Entry: 0.05547)
📡 Registered OMUSDT (STOP-MARKET) as WAITING (Entry: 0.05547)
📡 Registered OMUSDT (MARKET) as RUNNING (Entry: 0.05547)
📡 Registered ONDOUSDT (STOP-MARKET) as WAITING (Entry: 0.271)
📡 Registered ONDOUSDT (MARKET) as RUNNING (Entry: 0.271)
📡 Registered OWLUSDT (STOP-MARKET) as WAITING (Entry: 0.01442)
📡 Registered OWLUSDT (MARKET) as RUNNING (Entry: 0.01442)
📡 Registered OWLUSDT (MARKET) as RUNNING (Entry: 0.01442)
🚀 [ENTRY TRIGGERED] OMUSDT SHORT at 0.05547 (STOP-MARKET Entry: 0.05547)
🚀 [ENTRY TRIGGERED] ONDOUSDT SHORT at 0.271 (STOP-MARKET Entry: 0.271)
🚀 [ENTRY TRIGGERED] OWLUSDT LONG at 0.01462 (STOP-MARKET Entry: 0.01442)
📡 Registered OPUSDT (MARKET) as RUNNING (Entry: 0.1905)
📡 Registered PENGUUSDT (MARKET) as RUNNING (Entry: 0.006745)
📡 Registered PENGUUSDT (MARKET) as RUNNING (Entry: 0.006747)
📡 Registered PENGUUSDT (MARKET) as RUNNING (Entry: 0.006747)
📡 Registered PEPEUSDT (MARKET) as RUNNING (Entry: 3.787e-06)
📡 Registered PIUSDT (MARKET) as RUNNING (Entry: 0.1504)
📡 Registered PLAYUSDT (MARKET) as RUNNING (Entry: 0.04133)
📡 Registered PUMPFUNUSDT (MARKET) as RUNNING (Entry: 0.002116)
📡 Registered PUMPFUNUSDT (MARKET) as RUNNING (Entry: 0.002116)
📡 Registered RIVERUSDT (LIMIT) as WAITING (Entry: 14.136)
📡 Registered RIVERUSDT (MARKET) as RUNNING (Entry: 14.383)
📡 Registered RIVERUSDT (MARKET) as RUNNING (Entry: 14.383)
📡 Registered SHIBUSDT (MARKET) as RUNNING (Entry: 6.36e-06)
📡 Registered SHIBUSDT (MARKET) as RUNNING (Entry: 6.36e-06)
💓 Tracking heartbeat: 493 active trades
📡 Registered SPACEUSDT (MARKET) as RUNNING (Entry: 0.007139)
📡 Registered SPACEUSDT (MARKET) as RUNNING (Entry: 0.007139)
📡 Registered SUIUSDT (MARKET) as RUNNING (Entry: 0.9592)
📡 Registered SUIUSDT (MARKET) as RUNNING (Entry: 0.9592)
📡 Registered SUIUSDT (MARKET) as RUNNING (Entry: 0.9592)
📡 Registered SUIUSDT (MARKET) as RUNNING (Entry: 0.9592)
📡 Registered SUIUSDT (MARKET) as RUNNING (Entry: 0.9592)
📡 Registered SUIUSDT (MARKET) as RUNNING (Entry: 0.9592)
📡 Registered SUIUSDT (MARKET) as RUNNING (Entry: 0.9592)
📡 Registered SIRENUSDT (MARKET) as RUNNING (Entry: 0.13515)
📡 Registered SIRENUSDT (MARKET) as RUNNING (Entry: 0.1351)
📡 Registered SOLUSDT (MARKET) as RUNNING (Entry: 84.58)
📡 Registered SOLUSDT (STOP-MARKET) as WAITING (Entry: 84.58)
📡 Registered SOLUSDT (MARKET) as RUNNING (Entry: 84.58)
📡 Registered SOLUSDT (MARKET) as RUNNING (Entry: 84.58)
📡 Registered SOLUSDT (MARKET) as RUNNING (Entry: 84.58)
📡 Registered SOLUSDT (MARKET) as RUNNING (Entry: 84.57)
📡 Registered SOLUSDT (MARKET) as RUNNING (Entry: 84.57)
📡 Registered SILVERUSDT (MARKET) as RUNNING (Entry: 77.47)
📡 Registered TESLAUSDT (MARKET) as RUNNING (Entry: 417.72)
📡 Registered TAKEUSDT (STOP-MARKET) as WAITING (Entry: 0.05422)
📡 Registered TAKEUSDT (MARKET) as RUNNING (Entry: 0.05432)
📡 Registered TAOUSDT (MARKET) as RUNNING (Entry: 189.7)
📡 Registered TAOUSDT (STOP-MARKET) as WAITING (Entry: 189.7)
📡 Registered TAOUSDT (MARKET) as RUNNING (Entry: 189.7)
📡 Registered TAOUSDT (MARKET) as RUNNING (Entry: 189.8)
📡 Registered TIAUSDT (MARKET) as RUNNING (Entry: 0.3414)
📡 Registered TIAUSDT (MARKET) as RUNNING (Entry: 0.3414)
📡 Registered TIAUSDT (STOP-MARKET) as WAITING (Entry: 0.3414)
🚀 [ENTRY TRIGGERED] SOLUSDT LONG at 84.58 (STOP-MARKET Entry: 84.58)
🚀 [ENTRY TRIGGERED] TAOUSDT LONG at 189.8 (STOP-MARKET Entry: 189.7)
📡 Registered TIAUSDT (MARKET) as RUNNING (Entry: 0.3414)
📡 Registered TIAUSDT (LIMIT) as WAITING (Entry: 0.3414)
📡 Registered TIAUSDT (MARKET) as RUNNING (Entry: 0.3414)
📡 Registered TONCOINUSDT (MARKET) as RUNNING (Entry: 1.452)
📡 Registered TONCOINUSDT (MARKET) as RUNNING (Entry: 1.452)
📡 Registered TONCOINUSDT (STOP-MARKET) as WAITING (Entry: 1.452)
📡 Registered TONCOINUSDT (MARKET) as RUNNING (Entry: 1.452)
Error processing trade signal: too many values to unpack (expected 2)
📡 Registered TOSHIUSDT (MARKET) as RUNNING (Entry: 0.0002384)
📡 Registered TRXUSDT (MARKET) as RUNNING (Entry: 0.28274)
📡 Registered TRXUSDT (STOP-MARKET) as WAITING (Entry: 0.28274)
📡 Registered TRXUSDT (MARKET) as RUNNING (Entry: 0.28274)
📡 Registered TRXUSDT (MARKET) as RUNNING (Entry: 0.28274)
📡 Registered WIFUSDT (MARKET) as RUNNING (Entry: 0.2231)
📡 Registered WLDUSDT (STOP-MARKET) as WAITING (Entry: 0.3985)
📡 Registered WLDUSDT (MARKET) as RUNNING (Entry: 0.3985)
📡 Registered WLDUSDT (MARKET) as RUNNING (Entry: 0.3985)
Error processing trade signal: too many values to unpack (expected 2)
📡 Registered WLDUSDT (MARKET) as RUNNING (Entry: 0.3985)
📡 Registered WLDUSDT (MARKET) as RUNNING (Entry: 0.3985)
📡 Registered TRIAUSDT (MARKET) as RUNNING (Entry: 0.01946)
📡 Registered VVVUSDT (MARKET) as RUNNING (Entry: 2.703)
📡 Registered VIRTUALUSDT (MARKET) as RUNNING (Entry: 0.615)
📡 Registered VIRTUALUSDT (MARKET) as RUNNING (Entry: 0.615)
📡 Registered VIRTUALUSDT (STOP-MARKET) as WAITING (Entry: 0.615)
📡 Registered VIRTUALUSDT (MARKET) as RUNNING (Entry: 0.6151)
📡 Registered VIRTUALUSDT (MARKET) as RUNNING (Entry: 0.615)
📡 Registered VIRTUALUSDT (MARKET) as RUNNING (Entry: 0.6151)
📡 Registered UNIUSDT (MARKET) as RUNNING (Entry: 3.395)
📡 Registered WLFIUSDT (STOP-MARKET) as WAITING (Entry: 0.1032)
💰 [TP HIT] ADAUSDT SHORT at 0.27504146962694065
🚀 [ENTRY TRIGGERED] TAKEUSDT SHORT at 0.05422 (STOP-MARKET Entry: 0.05422)
🚀 [ENTRY TRIGGERED] TIAUSDT LONG at 0.3414 (STOP-MARKET Entry: 0.3414)
🚀 [ENTRY TRIGGERED] TIAUSDT SHORT at 0.3414 (LIMIT Entry: 0.3414)
🚀 [ENTRY TRIGGERED] TONCOINUSDT LONG at 1.452 (STOP-MARKET Entry: 1.452)
🚀 [ENTRY TRIGGERED] TRXUSDT LONG at 0.28274 (STOP-MARKET Entry: 0.28274)
🚀 [ENTRY TRIGGERED] WLDUSDT LONG at 0.3985 (STOP-MARKET Entry: 0.3985)
🚀 [ENTRY TRIGGERED] VIRTUALUSDT LONG at 0.6151 (STOP-MARKET Entry: 0.615)
🚀 [ENTRY TRIGGERED] WLFIUSDT SHORT at 0.1032 (STOP-MARKET Entry: 0.1032)
📡 Registered XAUTUSDT (MARKET) as RUNNING (Entry: 5006.9)
📡 Registered XAUTUSDT (LIMIT) as WAITING (Entry: 5006.9)
📡 Registered XAUTUSDT (MARKET) as RUNNING (Entry: 5006.9)
📡 Registered XAUTUSDT (MARKET) as RUNNING (Entry: 5006.9)
📡 Registered XMRUSDT (MARKET) as RUNNING (Entry: 354.14)
📡 Registered XMRUSDT (MARKET) as RUNNING (Entry: 354.23)
📡 Registered XPLUSDT (MARKET) as RUNNING (Entry: 0.0992)
📡 Registered XPLUSDT (MARKET) as RUNNING (Entry: 0.0992)
📡 Registered XPLUSDT (STOP-MARKET) as WAITING (Entry: 0.0992)
📡 Registered XPLUSDT (MARKET) as RUNNING (Entry: 0.0992)
📡 Registered XPLUSDT (MARKET) as RUNNING (Entry: 0.0991)
📡 Registered ZECUSDT (MARKET) as RUNNING (Entry: 282.22)
📡 Registered ZECUSDT (LIMIT) as WAITING (Entry: 283.0)
📡 Registered ZECUSDT (STOP-MARKET) as WAITING (Entry: 282.22)
📡 Registered ZECUSDT (MARKET) as RUNNING (Entry: 282.22)
📡 Registered ZECUSDT (MARKET) as RUNNING (Entry: 282.22)
📡 Registered ZECUSDT (MARKET) as RUNNING (Entry: 282.22)
📡 Registered ZECUSDT (LIMIT) as WAITING (Entry: 282.22)
📡 Registered ZECUSDT (MARKET) as RUNNING (Entry: 282.4)
📡 Registered ZECUSDT (MARKET) as RUNNING (Entry: 282.22)
📡 Registered XLMUSDT (MARKET) as RUNNING (Entry: 0.16528)
📡 Registered ZAMAUSDT (MARKET) as RUNNING (Entry: 0.02139)
📡 Registered ZAMAUSDT (STOP-MARKET) as WAITING (Entry: 0.02139)
📡 Registered ZAMAUSDT (MARKET) as RUNNING (Entry: 0.02139)
📡 Registered ZAMAUSDT (MARKET) as RUNNING (Entry: 0.02139)
📡 Registered XNYUSDT (STOP-MARKET) as WAITING (Entry: 0.006155)
📡 Registered XNYUSDT (MARKET) as RUNNING (Entry: 0.006155)
🚀 [ENTRY TRIGGERED] XAUTUSDT LONG at 5006.9 (LIMIT Entry: 5006.9)
🚀 [ENTRY TRIGGERED] ZECUSDT LONG at 282.33 (STOP-MARKET Entry: 282.22)
🚀 [ENTRY TRIGGERED] ZECUSDT SHORT at 282.33 (LIMIT Entry: 282.22)
🚀 [ENTRY TRIGGERED] ZAMAUSDT SHORT at 0.02139 (STOP-MARKET Entry: 0.02139)
🚀 [ENTRY TRIGGERED] XNYUSDT LONG at 0.006175 (STOP-MARKET Entry: 0.006155)
💓 Tracking heartbeat: 577 active trades
🚀 [ENTRY TRIGGERED] XPLUSDT LONG at 0.0992 (STOP-MARKET Entry: 0.0992)
🛑 [SL HIT] SIRENUSDT SHORT at 0.13558 (Shielded SL: 0.135274)
💰 [TP HIT] XAUTUSDT LONG at 4939.9092
💓 Tracking heartbeat: 577 active trades
💓 Tracking heartbeat: 577 active trades
💓 Tracking heartbeat: 577 active trades
💓 Tracking heartbeat: 577 active trades
💓 Tracking heartbeat: 577 active trades
🛑 [SL HIT] VVVUSDT LONG at 2.681 (Shielded SL: 2.684718)
🛑 [SL HIT] VVVUSDT LONG at 2.681 (Shielded SL: 2.684718)
🚀 [ENTRY TRIGGERED] BASUSDT SHORT at 0.005887 (STOP-MARKET Entry: 0.005887)
💓 Tracking heartbeat: 577 active trades
💓 Tracking heartbeat: 577 active trades
💓 Tracking heartbeat: 577 active trades
💓 Tracking heartbeat: 577 active trades
🚀 [ENTRY TRIGGERED] BTRUSDT LONG at 0.15711 (LIMIT Entry: 0.15727)
🛑 [SL HIT] VVVUSDT LONG at 2.666 (Shielded SL: 2.668831)
🚀 [ENTRY TRIGGERED] BERAUSDT LONG at 0.6707 (LIMIT Entry: 0.6705)
🛑 [SL HIT] AZTECUSDT SHORT at 0.0239 (Shielded SL: 0.023758)
🛑 [SL HIT] AZTECUSDT SHORT at 0.0239 (Shielded SL: 0.023730)
🛑 [SL HIT] AZTECUSDT SHORT at 0.0239 (Shielded SL: 0.023826)
💓 Tracking heartbeat: 577 active trades
🛑 [SL HIT] VVVUSDT LONG at 2.66 (Shielded SL: 2.664296)
💰 [TP HIT] NAORISUSDT LONG at 0.035636
💓 Tracking heartbeat: 577 active trades
💓 Tracking heartbeat: 577 active trades
💓 Tracking heartbeat: 577 active trades
🚀 Starting analysis for session UGuI_esj_MrS8ZtHAAAH
💰 [TP HIT] AIAUSDT SHORT at 0.12698305968350565
💓 Tracking heartbeat: 577 active trades
💓 Tracking heartbeat: 577 active trades
💓 Tracking heartbeat: 577 active trades
🛑 [SL HIT] ARBUSDT SHORT at 0.1157 (Shielded SL: 0.115681)
💓 Tracking heartbeat: 577 active trades
📡 Registered LINEAUSDT (MARKET) as RUNNING (Entry: 0.003619)
📡 Registered LINEAUSDT (STOP-MARKET) as WAITING (Entry: 0.003619)
📡 Registered MUBARAKUSDT (MARKET) as RUNNING (Entry: 0.01673)
📡 Registered MYXUSDT (MARKET) as RUNNING (Entry: 2.529)
📡 Registered MEUSDT (MARKET) as RUNNING (Entry: 0.1541)
💓 Tracking heartbeat: 582 active trades
📡 Registered PIPPINUSDT (MARKET) as RUNNING (Entry: 0.59602)
📡 Registered PENGUUSDT (MARKET) as RUNNING (Entry: 0.006741)
💓 Tracking heartbeat: 584 active trades
📡 Registered SPACEUSDT (MARKET) as RUNNING (Entry: 0.007209)
🚀 [ENTRY TRIGGERED] RIVERUSDT LONG at 14.124 (LIMIT Entry: 14.136)
💓 Tracking heartbeat: 585 active trades
📡 Registered TOSHIUSDT (MARKET) as RUNNING (Entry: 0.0002368)
📡 Registered TRIAUSDT (MARKET) as RUNNING (Entry: 0.0196)
